[punk] anchor generating...
[punk] anchor ok
[punk] idle generating...
[punk] idle ok
[punk] run generating...
  ! parse fail: []
[punk] run FAILED
[punk] attack generating...
[punk] attack ok
[knifer] anchor generating...
[knifer] anchor ok
[knifer] idle generating...
[knifer] idle ok
[knifer] run generating...
[knifer] run ok
[knifer] attack generating...
[knifer] attack ok
[bruiser] anchor generating...
[bruiser] anchor ok
[bruiser] idle generating...
[bruiser] idle ok
[bruiser] run generating...
  ! parse fail: []
[bruiser] run FAILED
[bruiser] attack generating...
[bruiser] attack ok
[thrower] anchor generating...
[thrower] anchor ok
[thrower] idle generating...
[thrower] idle ok
[thrower] run generating...
[thrower] run ok
[thrower] attack generating...
[thrower] attack ok
[bodyguard] anchor generating...
[bodyguard] anchor ok
[bodyguard] idle generating...
[bodyguard] idle ok
[bodyguard] run generating...
[bodyguard] run ok
[bodyguard] attack generating...
[bodyguard] attack ok
[berserker] anchor generating...
[berserker] anchor ok
[berserker] idle generating...
[punk] run generating...
[punk] run generating...
[punk] run ok
[punk] run ok
[bruiser] run generating...
[bruiser] run generating...
[bruiser] run ok
[bruiser] run ok
[berserker] idle generating...
[berserker] idle generating...
[berserker] idle ok
[berserker] idle ok
[berserker] run generating...
[berserker] run generating...
[berserker] run ok
[berserker] run ok
[berserker] attack generating...
[berserker] attack generating...
[berserker] attack ok
[berserker] attack ok
[boss_ximen] anchor generating...
[boss_ximen] anchor generating...
[boss_ximen] anchor ok
[boss_ximen] anchor ok
[boss_ximen] idle generating...
[boss_ximen] idle generating...
[boss_ximen] idle ok
[boss_ximen] idle ok
[boss_ximen] run generating...
[boss_ximen] run generating...
[boss_ximen] run ok
[boss_ximen] run ok
[boss_ximen] attack generating...
[boss_ximen] attack generating...
[boss_ximen] attack ok
[boss_ximen] attack ok
[boss_shilin] anchor generating...
[boss_shilin] anchor generating...
[boss_shilin] anchor ok
[boss_shilin] anchor ok
[boss_shilin] idle generating...
[boss_shilin] idle generating...
[boss_shilin] idle ok
[boss_shilin] idle ok
[boss_shilin] run generating...
[boss_shilin] run generating...
[boss_shilin] run ok
[boss_shilin] run ok
[boss_shilin] attack generating...
[boss_shilin] attack generating...
[boss_shilin] attack ok
[boss_shilin] attack ok
[boss_longshan] anchor generating...
[boss_longshan] anchor generating...
[boss_longshan] anchor ok
[boss_longshan] anchor ok
[boss_longshan] idle generating...
[boss_longshan] idle generating...
[boss_longshan] idle ok
[boss_longshan] idle ok
[boss_longshan] run generating...
[boss_longshan] run generating...
[boss_longshan] run ok
[boss_longshan] run ok
[boss_longshan] attack generating...
[boss_longshan] attack generating...
[boss_longshan] attack ok
[boss_longshan] attack ok
[boss_xinyi] anchor generating...
[boss_xinyi] anchor generating...
[boss_xinyi] anchor ok
[boss_xinyi] anchor ok
[boss_xinyi] idle generating...
[boss_xinyi] idle generating...
[boss_xinyi] idle ok
[boss_xinyi] idle ok
[boss_xinyi] run generating...
[boss_xinyi] run generating...
[boss_xinyi] run ok
[boss_xinyi] run ok
[boss_xinyi] attack generating...
[boss_xinyi] attack generating...
[boss_xinyi] attack ok
[boss_xinyi] attack ok
[boss_101] anchor generating...
[boss_101] anchor generating...
[boss_101] anchor ok
[boss_101] anchor ok
[boss_101] idle generating...
[boss_101] idle generating...
[boss_101] idle ok
[boss_101] idle ok
[boss_101] run generating...
[boss_101] run generating...
[boss_101] run ok
[boss_101] run ok
[boss_101] attack generating...
[boss_101] attack generating...
[boss_101] attack ok
[boss_101] attack ok
sprites.json rebuilt: ['hero', 'punk', 'knifer', 'bruiser', 'thrower', 'bodyguard', 'berserker', 'boss_ximen', 'boss_shilin', 'boss_longshan', 'boss_xinyi', 'boss_101']
sprites.json rebuilt: ['hero', 'punk', 'knifer', 'bruiser', 'thrower', 'bodyguard', 'berserker', 'boss_ximen', 'boss_shilin', 'boss_longshan', 'boss_xinyi', 'boss_101']
ALL DONE
ALL DONE
[hero-extra] no hero anchor url, skip
[hero-extra] no hero anchor url, skip
[prop] football generating...
[prop] football generating...
[prop] football ok
[prop] football ok
[prop] explosive generating...
[prop] explosive generating...
[prop] explosive ok
[prop] explosive ok
[prop] mower generating...
[prop] mower generating...
[prop] mower ok
[prop] mower ok
[prop] crate generating...
[prop] crate generating...
[prop] crate ok
[prop] crate ok
[prop] barrier generating...
[prop] barrier generating...
[prop] barrier ok
[prop] barrier ok
sprites.json patched (hero throw/carry)
sprites.json patched (hero throw/carry)
EXTRAS DONE
EXTRAS DONE
[hero] uploading local anchor...
[hero] uploading local anchor...
[hero] anchor uploaded: 4ffdac28-2fe8-4568-b376-4b50477eef11
[hero] anchor uploaded: 4ffdac28-2fe8-4568-b376-4b50477eef11
[hero] throw generating...
[hero] throw generating...
  ! parse fail: Error: image_url: Input should be a valid URL, relative URL without a base

  ! parse fail: Error: image_url: Input should be a valid URL, relative URL without a base

[hero] throw FAILED
[hero] throw FAILED
[hero] carry generating...
[hero] carry generating...
  ! parse fail: Error: image_url: Input should be a valid URL, relative URL without a base

  ! parse fail: Error: image_url: Input should be a valid URL, relative URL without a base

[hero] carry FAILED
[hero] carry FAILED
sprites.json patched (hero throw/carry)
sprites.json patched (hero throw/carry)
EXTRAS DONE
EXTRAS DONE
[hero] throw generating...
[hero] throw generating...
[hero] throw ok
[hero] throw ok
[hero] carry generating...
[hero] carry generating...
[hero] carry ok
[hero] carry ok
sprites.json patched (hero throw/carry)
sprites.json patched (hero throw/carry)
EXTRAS DONE
EXTRAS DONE
